<?xml version="1.0" encoding="UTF-8"?>
<!-- Generated by org.testng.reporters.JUnitXMLReporter -->
<testsuite ignored="0" hostname="DESKTOP-0LUF0PL" failures="1" tests="1" name="Default test" time="0.61" errors="0" timestamp="2024-07-12T17:42:43 PDT">
  <testcase classname="io.cucumber.testng.AbstractTestNGCucumberTests" name="runScenario" time="0.069">
    <failure type="java.lang.NullPointerException" message="Cannot invoke &amp;quot;rahulshettyacademy.pageobjects.landingPage.loginAction(String, String)&amp;quot; because &amp;quot;this.landingPage&amp;quot; is null">
      <![CDATA[java.lang.NullPointerException: Cannot invoke "rahulshettyacademy.pageobjects.landingPage.loginAction(String, String)" because "this.landingPage" is null
at rahulshettyacademy.stepDefinitions.StepDefinitionImpl.Logged_in_with_username_and_password(StepDefinitionImpl.java:35)
at ✽.Logged in with username navani@gmail.com and password Prajan@10(file:///C:/Users/prana/eclipse-workspace/SeleniumFrameworkDesign/src/test/java/cucumber/SubmitOrder.feature:9)
]]>
    </failure>
  </testcase> <!-- runScenario -->
</testsuite> <!-- Default test -->
