<?xml version="1.0" encoding="UTF-8"?>
<!-- Generated by org.testng.reporters.JUnitXMLReporter -->
<testsuite ignored="0" hostname="DESKTOP-0LUF0PL" failures="0" tests="4" name="Submit Order Test" time="65.894" errors="0" timestamp="2024-07-11T19:23:38 PDT">
  <testcase classname="rahulshettyacademy.tests.SubmitOrderTest" name="submitOrder" time="16.314"/>
  <testcase classname="rahulshettyacademy.tests.SubmitOrderTest" name="submitOrder" time="16.079"/>
  <testcase classname="rahulshettyacademy.tests.SubmitOrderTest" name="orderHistoryTest" time="1.108"/>
  <testcase classname="rahulshettyacademy.tests.SubmitOrderTest" name="orderHistoryTest" time="1.083"/>
</testsuite> <!-- Submit Order Test -->
