<?xml version="1.0" encoding="UTF-8"?>
<testng-results ignored="0" total="1" passed="0" failed="1" skipped="0">
  <reporter-output>
  </reporter-output>
  <suite started-at="2024-07-12T17:42:42 PDT" name="Default suite" finished-at="2024-07-12T17:42:43 PDT" duration-ms="610">
    <groups>
      <group name="cucumber">
        <method signature="AbstractTestNGCucumberTests.runScenario(io.cucumber.testng.PickleWrapper,io.cucumber.testng.FeatureWrapper)[pri:0, instance:cucumber.TestNGTestRunner@1a6d8329]" name="runScenario" class="io.cucumber.testng.AbstractTestNGCucumberTests"/>
      </group> <!-- cucumber -->
    </groups>
    <test started-at="2024-07-12T17:42:42 PDT" name="Default test" finished-at="2024-07-12T17:42:43 PDT" duration-ms="610">
      <class name="cucumber.TestNGTestRunner">
        <test-method is-config="true" signature="setUpClass(org.testng.ITestContext)[pri:0, instance:cucumber.TestNGTestRunner@1a6d8329]" started-at="2024-07-12T17:42:42 PDT" name="setUpClass" finished-at="2024-07-12T17:42:42 PDT" duration-ms="496" status="PASS">
          <params>
            <param index="0">
              <value>
                <![CDATA[org.testng.TestRunner@1d269ed7]]>
              </value>
            </param>
          </params>
          <reporter-output>
          </reporter-output>
        </test-method> <!-- setUpClass -->
        <test-method signature="runScenario(io.cucumber.testng.PickleWrapper,io.cucumber.testng.FeatureWrapper)[pri:0, instance:cucumber.TestNGTestRunner@1a6d8329]" started-at="2024-07-12T17:42:42 PDT" name="runScenario" description="Runs Cucumber Scenarios" data-provider="scenarios" finished-at="2024-07-12T17:42:42 PDT" duration-ms="69" status="FAIL">
          <params>
            <param index="0">
              <value>
                <![CDATA["Positive Test for Submit Order"]]>
              </value>
            </param>
            <param index="1">
              <value>
                <![CDATA["Submit order from ecommerce website"]]>
              </value>
            </param>
          </params>
          <exception class="java.lang.NullPointerException">
            <message>
              <![CDATA[Cannot invoke "rahulshettyacademy.pageobjects.landingPage.loginAction(String, String)" because "this.landingPage" is null]]>
            </message>
            <full-stacktrace>
              <![CDATA[java.lang.NullPointerException: Cannot invoke "rahulshettyacademy.pageobjects.landingPage.loginAction(String, String)" because "this.landingPage" is null
at rahulshettyacademy.stepDefinitions.StepDefinitionImpl.Logged_in_with_username_and_password(StepDefinitionImpl.java:35)
at ✽.Logged in with username navani@gmail.com and password Prajan@10(file:///C:/Users/prana/eclipse-workspace/SeleniumFrameworkDesign/src/test/java/cucumber/SubmitOrder.feature:9)
]]>
            </full-stacktrace>
          </exception> <!-- java.lang.NullPointerException -->
          <reporter-output>
          </reporter-output>
        </test-method> <!-- runScenario -->
        <test-method is-config="true" signature="tearDownClass()[pri:0, instance:cucumber.TestNGTestRunner@1a6d8329]" started-at="2024-07-12T17:42:42 PDT" name="tearDownClass" finished-at="2024-07-12T17:42:43 PDT" duration-ms="19" status="PASS">
          <reporter-output>
          </reporter-output>
        </test-method> <!-- tearDownClass -->
      </class> <!-- cucumber.TestNGTestRunner -->
    </test> <!-- Default test -->
  </suite> <!-- Default suite -->
</testng-results>
