<?xml version="1.0" encoding="UTF-8"?>
<!-- Generated by org.testng.reporters.JUnitReportReporter -->
<testsuite hostname="DESKTOP-0LUF0PL" failures="0" tests="1" name="cucumber.TestNGTestRunner" time="0.069" errors="1" timestamp="2024-07-12T17:42:43 PDT" skipped="0">
  <testcase classname="cucumber.TestNGTestRunner" name="runScenario" time="0.069">
    <error message="Cannot invoke &quot;rahulshettyacademy.pageobjects.landingPage.loginAction(String, String)&quot; because &quot;this.landingPage&quot; is null" type="java.lang.NullPointerException">
      <![CDATA[java.lang.NullPointerException: Cannot invoke "rahulshettyacademy.pageobjects.landingPage.loginAction(String, String)" because "this.landingPage" is null
at rahulshettyacademy.stepDefinitions.StepDefinitionImpl.Logged_in_with_username_and_password(StepDefinitionImpl.java:35)
at ✽.Logged in with username navani@gmail.com and password Prajan@10(file:///C:/Users/prana/eclipse-workspace/SeleniumFrameworkDesign/src/test/java/cucumber/SubmitOrder.feature:9)
]]>
    </error>
  </testcase> <!-- runScenario -->
  <system-out/>
</testsuite> <!-- cucumber.TestNGTestRunner -->
